<?xml version="1.1" encoding="UTF-8"?>
<testsuite name="org.gradle.PersonTest" tests="1" failures="0" errors="0" timestamp="2013-09-28T14:05:59" hostname="Stefanos-MacBook-Pro.local" time="0.005">
  <properties/>
  <testcase name="canConstructAPersonWithAName" classname="org.gradle.PersonTest" time="0.005"/>
  <system-out><![CDATA[]]></system-out>
  <system-err><![CDATA[]]></system-err>
</testsuite>
